<?xml version="1.0" encoding="UTF-8"?>
<testsuite name="TutorialsNinja"
           tests="2"
           failures="0"
           errors="0"
           skipped="0"
           time="7.620">
  <properties />
  
  
            <testcase name="verifyUserShouldNavigateToLoginPageSuccessfully" time="1.536" classname="com.tutorialsninja.demo.testsuite.AccountLoginPageTest" />
                <testcase name="verifyThatUserShouldLoginAndLogoutSuccessfully" time="6.084" classname="com.tutorialsninja.demo.testsuite.AccountLoginPageTest" />
      
</testsuite>
